2024-01-01 06:25:43 | INFO    | __main__:stash:131 | run - {'image': '20231121', 'version': '0.10.1.post2', 'role': 'EpicPlayer', 'headless': True}
2024-01-01 06:25:52 | INFO    | __main__:claim_epic_games:97 | Try to flush cookie - {'task': 'claim_epic_games'}
2024-01-01 06:25:54 | INFO    | epic_games.agent:_login:237 | login-with-email - {'url': 'https://www.epicgames.com/id/login?lang=en-US&noHostRedirect=true&redirectUrl=https://store.epicgames.com/en-US/free-games'}
2024-01-01 06:25:58 | DEBUG    | epic_games.agent:insert_challenge:215 | Attack challenge - {'stage': 'email_exists_prod'}
2024-01-01 06:25:58 | DEBUG    | hcaptcha_challenger.agents.playwright.control:_parse_label:241 | get task - {'prompt': "Please click on the rabbit's eye"}
2024-01-01 06:26:03 | DEBUG    | epic_games.agent:insert_challenge:218 | Parse result - {'stage': 'email_exists_prod', 'result': <Status.CHALLENGE_RETRY: 'retry'>}
2024-01-01 06:26:06 | DEBUG    | hcaptcha_challenger.agents.playwright.control:_parse_label:241 | get task - {'prompt': "Please click on the rabbit's eye"}
2024-01-01 06:26:12 | DEBUG    | epic_games.agent:insert_challenge:218 | Parse result - {'stage': 'email_exists_prod', 'result': <Status.CHALLENGE_RETRY: 'retry'>}
2024-01-01 06:26:18 | DEBUG    | hcaptcha_challenger.agents.playwright.control:_parse_label:241 | get task - {'prompt': "Please click on the rabbit's eye"}
2024-01-01 06:26:26 | DEBUG    | epic_games.agent:insert_challenge:218 | Parse result - {'stage': 'email_exists_prod', 'result': <Status.CHALLENGE_RETRY: 'retry'>}
2024-01-01 06:26:30 | DEBUG    | hcaptcha_challenger.agents.playwright.control:_parse_label:241 | get task - {'prompt': "Please click on the rabbit's eye"}
2024-01-01 06:26:39 | DEBUG    | epic_games.agent:insert_challenge:218 | Parse result - {'stage': 'email_exists_prod', 'result': <Status.CHALLENGE_RETRY: 'retry'>}
2024-01-01 06:26:42 | DEBUG    | hcaptcha_challenger.agents.playwright.control:_parse_label:241 | get task - {'prompt': 'Please click at the treasure spot'}
2024-01-01 06:26:44 | DEBUG    | hcaptcha_challenger.agents.playwright.control:lookup_objects:317 | handle task - {'catch_model': 'treasurechest2309_yolov8n.onnx', 'ash': 'please click at the treasure spot default'}
2024-01-01 06:26:46 | DEBUG    | hcaptcha_challenger.agents.playwright.control:lookup_objects:317 | handle task - {'catch_model': 'treasurechest2309_yolov8n.onnx', 'ash': 'please click at the treasure spot default'}
2024-01-01 06:26:54 | DEBUG    | epic_games.agent:insert_challenge:218 | Parse result - {'stage': 'email_exists_prod', 'result': <Status.CHALLENGE_RETRY: 'retry'>}
2024-01-01 06:26:57 | DEBUG    | hcaptcha_challenger.agents.playwright.control:_parse_label:241 | get task - {'prompt': "Please click on the rabbit's eye"}
2024-01-01 06:27:02 | DEBUG    | epic_games.agent:insert_challenge:218 | Parse result - {'stage': 'email_exists_prod', 'result': <Status.CHALLENGE_RETRY: 'retry'>}
2024-01-01 06:27:05 | DEBUG    | hcaptcha_challenger.agents.playwright.control:_parse_label:241 | get task - {'prompt': 'Please click on all images of the heaviest animal species'}
2024-01-01 06:27:06 | DEBUG    | hcaptcha_challenger.agents.playwright.control:_catch_all_binary_challenge:474 | handle task - {'unsupervised': 'binary', 'candidate_labels': ['This is a picture that looks like please click on all images of the heaviest animal species.', "This is a picture that don't look like please click on all images of the heaviest animal species."], 'prompt': 'Please click on all images of the heaviest animal species', 'timit': '0.854s'}
2024-01-01 06:27:17 | DEBUG    | epic_games.agent:insert_challenge:218 | Parse result - {'stage': 'email_exists_prod', 'result': <Status.CHALLENGE_RETRY: 'retry'>}
2024-01-01 06:27:20 | DEBUG    | hcaptcha_challenger.agents.playwright.control:_parse_label:241 | get task - {'prompt': "Please click on the rabbit's eye"}
2024-01-01 06:27:26 | DEBUG    | epic_games.agent:insert_challenge:218 | Parse result - {'stage': 'email_exists_prod', 'result': <Status.CHALLENGE_SUCCESS: 'success'>}
2024-01-01 06:27:56 | WARNING    | epic_games.agent:authorize:266 | 执行超时 - {'task': 'authorize', 'retry': 0}
2024-01-01 06:27:59 | INFO    | epic_games.agent:_login:237 | login-with-email - {'url': 'https://www.epicgames.com/id/login?lang=en-US&noHostRedirect=true&redirectUrl=https://store.epicgames.com/en-US/free-games'}
2024-01-01 06:28:03 | DEBUG    | epic_games.agent:insert_challenge:215 | Attack challenge - {'stage': 'email_exists_prod'}
2024-01-01 06:28:03 | DEBUG    | hcaptcha_challenger.agents.playwright.control:_parse_label:241 | get task - {'prompt': "Please click on the rabbit's eye"}
2024-01-01 06:28:08 | DEBUG    | epic_games.agent:insert_challenge:218 | Parse result - {'stage': 'email_exists_prod', 'result': <Status.CHALLENGE_RETRY: 'retry'>}
2024-01-01 06:28:11 | DEBUG    | hcaptcha_challenger.agents.playwright.control:_parse_label:241 | get task - {'prompt': "Please click on the rabbit's eye"}
2024-01-01 06:28:31 | DEBUG    | epic_games.agent:insert_challenge:218 | Parse result - {'stage': 'email_exists_prod', 'result': <Status.CHALLENGE_RETRY: 'retry'>}
2024-01-01 06:28:34 | DEBUG    | hcaptcha_challenger.agents.playwright.control:_parse_label:241 | get task - {'prompt': "Please click on the rabbit's eye"}
2024-01-01 06:28:40 | DEBUG    | epic_games.agent:insert_challenge:218 | Parse result - {'stage': 'email_exists_prod', 'result': <Status.CHALLENGE_RETRY: 'retry'>}
2024-01-01 06:28:44 | DEBUG    | hcaptcha_challenger.agents.playwright.control:_parse_label:241 | get task - {'prompt': 'Please click at the treasure spot'}
2024-01-01 06:28:46 | DEBUG    | hcaptcha_challenger.agents.playwright.control:lookup_objects:317 | handle task - {'catch_model': 'treasurechest2309_yolov8n.onnx', 'ash': 'please click at the treasure spot default'}
2024-01-01 06:28:52 | DEBUG    | epic_games.agent:insert_challenge:218 | Parse result - {'stage': 'email_exists_prod', 'result': <Status.CHALLENGE_RETRY: 'retry'>}
2024-01-01 06:28:59 | DEBUG    | hcaptcha_challenger.agents.playwright.control:_parse_label:241 | get task - {'prompt': "Please click on the rabbit's eye"}
2024-01-01 06:29:03 | DEBUG    | epic_games.agent:insert_challenge:218 | Parse result - {'stage': 'email_exists_prod', 'result': <Status.CHALLENGE_SUCCESS: 'success'>}
2024-01-01 06:29:33 | WARNING    | epic_games.agent:authorize:266 | 执行超时 - {'task': 'authorize', 'retry': 1}
2024-01-01 06:29:36 | INFO    | epic_games.agent:_login:237 | login-with-email - {'url': 'https://www.epicgames.com/id/login?lang=en-US&noHostRedirect=true&redirectUrl=https://store.epicgames.com/en-US/free-games'}
2024-01-01 06:29:40 | DEBUG    | epic_games.agent:insert_challenge:215 | Attack challenge - {'stage': 'email_exists_prod'}
2024-01-01 06:29:40 | DEBUG    | hcaptcha_challenger.agents.playwright.control:_parse_label:241 | get task - {'prompt': 'Please click on the object that is different'}
2024-01-01 06:29:44 | DEBUG    | epic_games.agent:insert_challenge:218 | Parse result - {'stage': 'email_exists_prod', 'result': <Status.CHALLENGE_RETRY: 'retry'>}
2024-01-01 06:29:48 | DEBUG    | hcaptcha_challenger.agents.playwright.control:_parse_label:241 | get task - {'prompt': 'Please click at the treasure spot'}
2024-01-01 06:29:49 | DEBUG    | hcaptcha_challenger.agents.playwright.control:lookup_objects:317 | handle task - {'catch_model': 'treasurechest2309_yolov8n.onnx', 'ash': 'please click at the treasure spot default'}
2024-01-01 06:29:54 | DEBUG    | epic_games.agent:insert_challenge:218 | Parse result - {'stage': 'email_exists_prod', 'result': <Status.CHALLENGE_RETRY: 'retry'>}
2024-01-01 06:30:00 | DEBUG    | hcaptcha_challenger.agents.playwright.control:_parse_label:241 | get task - {'prompt': "Please click on the rabbit's eye"}
2024-01-01 06:30:15 | DEBUG    | epic_games.agent:insert_challenge:218 | Parse result - {'stage': 'email_exists_prod', 'result': <Status.CHALLENGE_RETRY: 'retry'>}
2024-01-01 06:30:20 | DEBUG    | hcaptcha_challenger.agents.playwright.control:_parse_label:241 | get task - {'prompt': "Please click on the rabbit's eye"}
2024-01-01 06:30:27 | DEBUG    | epic_games.agent:insert_challenge:218 | Parse result - {'stage': 'email_exists_prod', 'result': <Status.CHALLENGE_RETRY: 'retry'>}
2024-01-01 06:30:30 | DEBUG    | hcaptcha_challenger.agents.playwright.control:_parse_label:241 | get task - {'prompt': "Please click on the rabbit's eye"}
2024-01-01 06:30:35 | DEBUG    | epic_games.agent:insert_challenge:218 | Parse result - {'stage': 'email_exists_prod', 'result': <Status.CHALLENGE_RETRY: 'retry'>}
2024-01-01 06:30:41 | DEBUG    | hcaptcha_challenger.agents.playwright.control:_parse_label:241 | get task - {'prompt': "Please click on the rabbit's eye"}
2024-01-01 06:30:49 | DEBUG    | epic_games.agent:insert_challenge:218 | Parse result - {'stage': 'email_exists_prod', 'result': <Status.CHALLENGE_RETRY: 'retry'>}
2024-01-01 06:30:52 | DEBUG    | hcaptcha_challenger.agents.playwright.control:_parse_label:241 | get task - {'prompt': "Please click on the rabbit's eye"}
2024-01-01 06:30:59 | DEBUG    | epic_games.agent:insert_challenge:218 | Parse result - {'stage': 'email_exists_prod', 'result': <Status.CHALLENGE_RETRY: 'retry'>}
2024-01-01 06:31:08 | DEBUG    | hcaptcha_challenger.agents.playwright.control:_parse_label:241 | get task - {'prompt': 'Please click at the treasure spot'}
2024-01-01 06:31:09 | DEBUG    | hcaptcha_challenger.agents.playwright.control:lookup_objects:317 | handle task - {'catch_model': 'treasurechest2309_yolov8n.onnx', 'ash': 'please click at the treasure spot default'}
2024-01-01 06:31:11 | DEBUG    | hcaptcha_challenger.agents.playwright.control:lookup_objects:317 | handle task - {'catch_model': 'treasurechest2309_yolov8n.onnx', 'ash': 'please click at the treasure spot default'}
2024-01-01 06:31:13 | DEBUG    | epic_games.agent:insert_challenge:218 | Parse result - {'stage': 'email_exists_prod', 'result': <Status.CHALLENGE_RETRY: 'retry'>}
2024-01-01 06:31:17 | DEBUG    | hcaptcha_challenger.agents.playwright.control:_parse_label:241 | get task - {'prompt': "Please click on the rabbit's eye"}
2024-01-01 06:31:23 | DEBUG    | epic_games.agent:insert_challenge:218 | Parse result - {'stage': 'email_exists_prod', 'result': <Status.CHALLENGE_RETRY: 'retry'>}
2024-01-01 06:31:29 | DEBUG    | hcaptcha_challenger.agents.playwright.control:_parse_label:241 | get task - {'prompt': 'Please click at the treasure spot'}
2024-01-01 06:31:33 | DEBUG    | hcaptcha_challenger.agents.playwright.control:lookup_objects:317 | handle task - {'catch_model': 'treasurechest2309_yolov8n.onnx', 'ash': 'please click at the treasure spot default'}
2024-01-01 06:31:38 | DEBUG    | epic_games.agent:insert_challenge:218 | Parse result - {'stage': 'email_exists_prod', 'result': <Status.CHALLENGE_RETRY: 'retry'>}
2024-01-01 06:31:43 | DEBUG    | hcaptcha_challenger.agents.playwright.control:_parse_label:241 | get task - {'prompt': 'Please click at the treasure spot'}
2024-01-01 06:31:48 | DEBUG    | epic_games.agent:insert_challenge:218 | Parse result - {'stage': 'email_exists_prod', 'result': <Status.CHALLENGE_RETRY: 'retry'>}
2024-01-01 06:31:54 | DEBUG    | hcaptcha_challenger.agents.playwright.control:_parse_label:241 | get task - {'prompt': 'Please click at the treasure spot'}
2024-01-01 06:32:05 | DEBUG    | epic_games.agent:insert_challenge:218 | Parse result - {'stage': 'email_exists_prod', 'result': <Status.CHALLENGE_RETRY: 'retry'>}
2024-01-01 06:32:08 | DEBUG    | hcaptcha_challenger.agents.playwright.control:_parse_label:241 | get task - {'prompt': "Please click on the rabbit's eye"}
2024-01-01 06:32:13 | DEBUG    | epic_games.agent:insert_challenge:218 | Parse result - {'stage': 'email_exists_prod', 'result': <Status.CHALLENGE_RETRY: 'retry'>}
2024-01-01 06:32:17 | DEBUG    | hcaptcha_challenger.agents.playwright.control:_parse_label:241 | get task - {'prompt': "Please click on the rabbit's eye"}
2024-01-01 06:32:23 | DEBUG    | epic_games.agent:insert_challenge:218 | Parse result - {'stage': 'email_exists_prod', 'result': <Status.CHALLENGE_RETRY: 'retry'>}
2024-01-01 06:32:25 | DEBUG    | hcaptcha_challenger.agents.playwright.control:_parse_label:241 | get task - {'prompt': "Please click on the rabbit's eye"}
2024-01-01 06:32:30 | DEBUG    | epic_games.agent:insert_challenge:218 | Parse result - {'stage': 'email_exists_prod', 'result': <Status.CHALLENGE_RETRY: 'retry'>}
2024-01-01 06:33:00 | WARNING    | epic_games.agent:authorize:266 | 执行超时 - {'task': 'authorize', 'retry': 2}
2024-01-01 06:33:00 | ERROR    | __main__:run:158 | An error has been caught in function 'run', process 'MainProcess' (3562), thread 'MainThread' (140677104728960): - {}
Traceback (most recent call last):
  File "/home/runner/work/epic-awesome/epic-awesome/epic/src/claim.py", line 162, in <module>
    asyncio.run(run())
  File "/opt/hostedtoolcache/Python/3.10.13/x64/lib/python3.10/asyncio/runners.py", line 44, in run
    return loop.run_until_complete(main)
  File "/opt/hostedtoolcache/Python/3.10.13/x64/lib/python3.10/asyncio/base_events.py", line 636, in run_until_complete
    self.run_forever()
  File "/opt/hostedtoolcache/Python/3.10.13/x64/lib/python3.10/asyncio/base_events.py", line 603, in run_forever
    self._run_once()
  File "/opt/hostedtoolcache/Python/3.10.13/x64/lib/python3.10/asyncio/base_events.py", line 1909, in _run_once
    handle._run()
  File "/opt/hostedtoolcache/Python/3.10.13/x64/lib/python3.10/asyncio/events.py", line 80, in _run
    self._context.run(self._callback, *self._args)
> File "/home/runner/work/epic-awesome/epic-awesome/epic/src/claim.py", line 158, in run
    await agent.stash()
  File "/home/runner/work/epic-awesome/epic-awesome/epic/src/claim.py", line 151, in stash
    await self.claim_epic_games(context)
  File "/home/runner/work/epic-awesome/epic-awesome/epic/src/claim.py", line 98, in claim_epic_games
    if await epic.authorize(page):
  File "/home/runner/work/epic-awesome/epic-awesome/epic/src/epic_games/agent.py", line 269, in authorize
    raise RuntimeError(f"Failed to flush token - agent={self.__class__.__name__}")
RuntimeError: Failed to flush token - agent=EpicGames
